<?xml version="1.0" encoding="UTF-8"?>
<testng-results ignored="0" total="1" passed="1" failed="0" skipped="0">
  <reporter-output>
  </reporter-output>
  <suite started-at="2025-04-12T16:24:27 IST" name="Default suite" finished-at="2025-04-12T16:24:36 IST" duration-ms="9106">
    <groups>
    </groups>
    <test started-at="2025-04-12T16:24:27 IST" name="Default test" finished-at="2025-04-12T16:24:36 IST" duration-ms="9106">
      <class name="com.Ecommerce.ShopperStack.Login.LoginTest">
        <test-method signature="loginToAppTest()[pri:0, instance:com.Ecommerce.ShopperStack.Login.LoginTest@6302bbb1]" started-at="2025-04-12T16:24:27 IST" name="loginToAppTest" finished-at="2025-04-12T16:24:36 IST" duration-ms="9053" status="PASS">
          <reporter-output>
          </reporter-output>
        </test-method> <!-- loginToAppTest -->
      </class> <!-- com.Ecommerce.ShopperStack.Login.LoginTest -->
    </test> <!-- Default test -->
  </suite> <!-- Default suite -->
</testng-results>
